Warning: TaskDescriptor:Criar visão do projeto: missing resource file './../../ForAll/tasks/Criar vis&atilde;o do projeto_147AFE3E.html'
Warning: Role:Desenvolvedores: missing resource file './../../ForAll/tasks/Criar vis&atilde;o do projeto_147AFE3E.html'
Warning: Role:Desenvolvedores: missing resource file './../../ForAll/tasks/Levantamento dos dados do p&uacute;blico alvo similar ao do forall_1F70FE10.html'
Warning: Role:Desenvolvedores: missing resource file './../../ForAll/tasks/Participar de comunidades do p&uacute;blico alvo_A2A6970A.html'
Warning: Role:Design Técnico: missing resource file './../../ForAll/tasks/Criar vis&atilde;o do projeto_147AFE3E.html'
Warning: Role:Design Técnico: missing resource file './../../ForAll/tasks/Levantamento dos dados do p&uacute;blico alvo similar ao do forall_1F70FE10.html'
Warning: Role:Design Técnico: missing resource file './../../ForAll/tasks/Participar de comunidades do p&uacute;blico alvo_A2A6970A.html'
Warning: RoleDescriptor:Design Técnico: missing resource file './../../ForAll/roles/Design T&eacute;cnico_7989BC8.html'
Warning: Artifact:Coleta de dados dos insights: missing resource file './../../ForAll/roles/Design T&eacute;cnico_7989BC8.html'
Warning: Artifact:Coleta de dados dos insights: missing resource file './../../ForAll/roles/Design T&eacute;cnico_F0D035FE.html'
Warning: Artifact:Coleta de dados dos insights: missing resource file './../../ForAll/tasks/Criar vis&atilde;o do projeto_147AFE3E.html'
Warning: Artifact:Coleta de dados dos insights: missing resource file './../../ForAll/tasks/Levantamento dos dados do p&uacute;blico alvo similar ao do forall_1F70FE10.html'
Warning: Artifact:Coleta de dados dos insights: missing resource file './../../ForAll/tasks/Participar de comunidades do p&uacute;blico alvo_A2A6970A.html'
Warning: Outcome:Documento de visão: missing resource file './../../ForAll/roles/Design T&eacute;cnico_7989BC8.html'
Warning: Outcome:Documento de visão: missing resource file './../../ForAll/roles/Design T&eacute;cnico_F0D035FE.html'
Warning: Outcome:Documento de visão: missing resource file './../../ForAll/tasks/Criar vis&atilde;o do projeto_147AFE3E.html'
Warning: Outcome:Documento de visão: missing resource file './../../ForAll/tasks/Levantamento dos dados do p&uacute;blico alvo similar ao do forall_1F70FE10.html'
Warning: Outcome:Documento de visão: missing resource file './../../ForAll/tasks/Participar de comunidades do p&uacute;blico alvo_A2A6970A.html'
Warning: WorkProductDescriptor:Documento de visão: missing resource file './../../ForAll/workproducts/Documento de vis&atilde;o_C448496A.html'
Warning: TaskDescriptor:Levantamento dos dados do público alvo similar ao do forall: missing resource file './../../ForAll/tasks/Levantamento dos dados do p&uacute;blico alvo similar ao do forall_1F70FE10.html'
Warning: TaskDescriptor:Participar de comunidades do público alvo: missing resource file './../../ForAll/tasks/Participar de comunidades do p&uacute;blico alvo_A2A6970A.html'
Warning: TaskDescriptor:organizar informações coletadas na fase de imersão: missing resource file './../../ForAll/tasks/organizar informa&ccedil;&otilde;es coletadas na fase de imers&atilde;o_DD0DDAED.html'
Warning: Role:Desenvolvedores: missing resource file './../../ForAll/tasks/organizar informa&ccedil;&otilde;es coletadas na fase de imers&atilde;o_DD0DDAED.html'
Warning: Role:Design Técnico: missing resource file './../../ForAll/tasks/organizar informa&ccedil;&otilde;es coletadas na fase de imers&atilde;o_DD0DDAED.html'
Warning: RoleDescriptor:Design Técnico: missing resource file './../../ForAll/roles/Design T&eacute;cnico_FC882EBB.html'
Warning: Artifact:Análise do documento de visão: missing resource file './../../ForAll/roles/Design T&eacute;cnico_FC882EBB.html'
Warning: Artifact:Análise do documento de visão: missing resource file './../../ForAll/tasks/organizar informa&ccedil;&otilde;es coletadas na fase de imers&atilde;o_DD0DDAED.html'
Warning: WorkProductDescriptor:Análise do documento de visão: missing resource file './../../ForAll/workproducts/An&aacute;lise do documento de vis&atilde;o_C48339FF.html'
Warning: Artifact:Insights da fase de imersão: missing resource file './../../ForAll/roles/Design T&eacute;cnico_FC882EBB.html'
Warning: Artifact:Insights da fase de imersão: missing resource file './../../ForAll/tasks/organizar informa&ccedil;&otilde;es coletadas na fase de imers&atilde;o_DD0DDAED.html'
Warning: WorkProductDescriptor:Insights da fase de imersão: missing resource file './../../ForAll/workproducts/Insights da fase de imers&atilde;o_64A6F9C2.html'
Warning: Outcome:Elementos lógicos do problema: missing resource file './../../ForAll/roles/Design T&eacute;cnico_FC882EBB.html'
Warning: Outcome:Elementos lógicos do problema: missing resource file './../../ForAll/tasks/organizar informa&ccedil;&otilde;es coletadas na fase de imers&atilde;o_DD0DDAED.html'
Warning: WorkProductDescriptor:Elementos lógicos do problema: missing resource file './../../ForAll/workproducts/Elementos l&oacute;gicos do problema_F28EBB9D.html'
Warning: Role:Design Técnico: missing resource file './../../ForAll/tasks/Transformar documentos de sa&iacute;da da etapa de imerso em elementos _D1CED2F0.html'
Warning: RoleDescriptor:Design Técnico: missing resource file './../../ForAll/roles/Design T&eacute;cnico_F0D035FE.html'
Warning: Artifact:Coleta de dados dos insights: missing resource file './../../ForAll/tasks/Transformar documentos de sa&iacute;da da etapa de imerso em elementos _D1CED2F0.html'
Warning: Artifact:Dados visuais da ideação: missing resource file './../../ForAll/tasks/Transformar documentos de sa&iacute;da da etapa de imerso em elementos _D1CED2F0.html'
Warning: WorkProductDescriptor:Dados visuais da ideação: missing resource file './../../ForAll/workproducts/Dados visuais da idea&ccedil;&atilde;o_F6C45BE5.html'
Warning: Outcome:Refino no documento de visão: missing resource file './../../ForAll/roles/Design T&eacute;cnico_F0D035FE.html'
Warning: Outcome:Refino no documento de visão: missing resource file './../../ForAll/tasks/Transformar documentos de sa&iacute;da da etapa de imerso em elementos _D1CED2F0.html'
Warning: WorkProductDescriptor:Refino no documento de visão: missing resource file './../../ForAll/workproducts/Refino no documento de vis&atilde;o_76E10BD8.html'
Warning: TaskDescriptor:Transformar documentos de saída da etapa de imerso em elementos visuais: missing resource file './../../ForAll/tasks/Transformar documentos de sa&iacute;da da etapa de imerso em elementos _D1CED2F0.html'
Warning: Role:Desenvolvedores: missing resource file './../../ForAll/tasks/Transformar documentos de sa&iacute;da da etapa de imerso em elementos _D1CED2F0.html'
Warning: Outcome:Artefatos visuais: missing resource file './../../ForAll/roles/Design T&eacute;cnico_F0D035FE.html'
Warning: Outcome:Artefatos visuais: missing resource file './../../ForAll/tasks/Transformar documentos de sa&iacute;da da etapa de imerso em elementos _D1CED2F0.html'
Warning: CapabilityPattern:Implementação: missing resource file './../../ForAll/capabilitypatterns/resources/Implementa&ccedil;&atilde;o_48D7BB3D_Activity.jpeg'
Warning: CapabilityPattern:Implementação: missing resource file './../../ForAll/capabilitypatterns/Desenvolver uma prototipa&ccedil;&atilde;o usando o conceito de MVP menor prod_11CBD7C9.html'
Warning: CapabilityPattern:Implementação: missing resource file './../../ForAll/deliveryprocesses/Processo de implementa&ccedil;&atilde;o_622529BC.html'
Warning: CapabilityPattern:Implementação: missing resource file './../../ForAll/capabilitypatterns/resources/Implementa&ccedil;&atilde;o_48D7BB3D_Activity.jpeg'
Warning: CapabilityPattern:Implementação: missing resource file './../../ForAll/capabilitypatterns/Desenvolver uma prototipa&ccedil;&atilde;o usando o conceito de MVP menor prod_11CBD7C9.html'
Warning: RoleDescriptor:Design Técnico: missing resource file './../../ForAll/roles/Design T&eacute;cnico_F0D035FE.html'
Warning: WorkProductDescriptor:Dados visuais da ideação: missing resource file './../../ForAll/workproducts/Dados visuais da idea&ccedil;&atilde;o_F6C45BE5.html'
Warning: WorkProductDescriptor:Refino no documento de visão: missing resource file './../../ForAll/workproducts/Refino no documento de vis&atilde;o_76E10BD8.html'
Warning: Role:Desenvolvedores: missing resource file './../../ForAll/tasks/Desenvolver uma prototipa&ccedil;&atilde;o usando o conceito de MVP menor prod_BCF27C2E.html'
Warning: Artifact:Refinamento do documento de visão revisado requisitos do protótipo: missing resource file './../../ForAll/tasks/Desenvolver uma prototipa&ccedil;&atilde;o usando o conceito de MVP menor prod_BCF27C2E.html'
Warning: WorkProductDescriptor:Refinamento do documento de visão revisado requisitos do protótipo: missing resource file './../../ForAll/workproducts/Refinamento do documento de vis&atilde;o revisado requisitos do prot&oacute;ti_B895BD6C.html'
Warning: Outcome:MVP(Menor produto viável): missing resource file './../../ForAll/tasks/Desenvolver uma prototipa&ccedil;&atilde;o usando o conceito de MVP menor prod_BCF27C2E.html'
Warning: WorkProductDescriptor:MVP(Menor produto viável): missing resource file './../../ForAll/workproducts/MVP Menor produto vi&aacute;vel_4D2B4365.html'
Warning: TaskDescriptor:Desenvolver uma prototipação usando o conceito de MVP(menor produto viável): missing resource file './../../ForAll/tasks/Desenvolver uma prototipa&ccedil;&atilde;o usando o conceito de MVP menor prod_BCF27C2E.html'
Warning: DeliveryProcess:Processo análise: missing resource file './../../ForAll/deliveryprocesses/resources/Processo an&aacute;lise_C27799E_Activity.jpeg'
Warning: DeliveryProcess:Processo análise: missing resource file './../../ForAll/deliveryprocesses/resources/Processo an&aacute;lise_C27799E_Activity.jpeg'
Warning: Iteration:Kanban: missing resource file './../../ForAll/deliveryprocesses/An&aacute;lise_45507FBC.html'
Warning: Iteration:Kanban: missing resource file './../../ForAll/deliveryprocesses/Processo an&aacute;lise_C27799E.html'
Warning: Iteration:Kanban: missing resource file './../../ForAll/deliveryprocesses/An&aacute;lise_45507FBC.html'
Warning: CapabilityPattern:Análise: missing resource file './../../ForAll/deliveryprocesses/resources/An&aacute;lise_45507FBC_Activity.jpeg'
Warning: CapabilityPattern:Análise: missing resource file './../../ForAll/capabilitypatterns/An&aacute;lise_7E7E857.html'
Warning: CapabilityPattern:Análise: missing resource file './../../ForAll/capabilitypatterns/Criar vis&atilde;o do projeto_81200DFA.html'
Warning: CapabilityPattern:Análise: missing resource file './../../ForAll/capabilitypatterns/Levantamento dos dados do p&uacute;blico alvo similar ao do forall_F41F0C0C.html'
Warning: CapabilityPattern:Análise: missing resource file './../../ForAll/capabilitypatterns/Participar de comunidades do p&uacute;blico alvo_E6EEEAB9.html'
Warning: CapabilityPattern:Análise: missing resource file './../../ForAll/capabilitypatterns/organizar informa&ccedil;&otilde;es coletadas na fase de imers&atilde;o_F490551.html'
Warning: CapabilityPattern:Análise: missing resource file './../../ForAll/capabilitypatterns/Transformar documentos de sa&iacute;da da etapa de imerso em elementos _FC319A08.html'
Warning: CapabilityPattern:Análise: missing resource file './../../ForAll/capabilitypatterns/An&aacute;lise_7E7E857.html'
Warning: CapabilityPattern:Análise: missing resource file './../../ForAll/capabilitypatterns/An&aacute;lise_7E7E857.html'
Warning: CapabilityPattern:Análise: missing resource file './../../ForAll/capabilitypatterns/An&aacute;lise_7E7E857.html'
Warning: CapabilityPattern:Análise: missing resource file './../../ForAll/deliveryprocesses/resources/An&aacute;lise_45507FBC_Activity.jpeg'
Warning: CapabilityPattern:Análise: missing resource file './../../ForAll/capabilitypatterns/An&aacute;lise_7E7E857.html'
Warning: CapabilityPattern:Análise: missing resource file './../../ForAll/capabilitypatterns/Criar vis&atilde;o do projeto_81200DFA.html'
Warning: CapabilityPattern:Análise: missing resource file './../../ForAll/capabilitypatterns/Levantamento dos dados do p&uacute;blico alvo similar ao do forall_F41F0C0C.html'
Warning: CapabilityPattern:Análise: missing resource file './../../ForAll/capabilitypatterns/Participar de comunidades do p&uacute;blico alvo_E6EEEAB9.html'
Warning: CapabilityPattern:Análise: missing resource file './../../ForAll/capabilitypatterns/organizar informa&ccedil;&otilde;es coletadas na fase de imers&atilde;o_F490551.html'
Warning: CapabilityPattern:Análise: missing resource file './../../ForAll/capabilitypatterns/Transformar documentos de sa&iacute;da da etapa de imerso em elementos _FC319A08.html'
Warning: DeliveryProcess:Processo de implementação: missing resource file './../../ForAll/deliveryprocesses/resources/Processo de implementa&ccedil;&atilde;o_622529BC_Activity.jpeg'
Warning: DeliveryProcess:Processo de implementação: missing resource file './../../ForAll/capabilitypatterns/Implementa&ccedil;&atilde;o_48D7BB3D.html'
Warning: DeliveryProcess:Processo de implementação: missing resource file './../../ForAll/deliveryprocesses/resources/Processo de implementa&ccedil;&atilde;o_622529BC_Activity.jpeg'
Warning: DeliveryProcess:Processo de implementação: missing resource file './../../ForAll/capabilitypatterns/Implementa&ccedil;&atilde;o_48D7BB3D.html'
Warning: Iteration:Kanban: missing resource file './../../ForAll/deliveryprocesses/Criar teste unit&aacute;rio_FC81ED9B.html'
Warning: Iteration:Kanban: missing resource file './../../ForAll/deliveryprocesses/Testar o prot&oacute;tipo desenvolvido_9947C8A3.html'
Warning: Iteration:Kanban: missing resource file './../../ForAll/deliveryprocesses/Criar teste unit&aacute;rio_FC81ED9B.html'
Warning: Iteration:Kanban: missing resource file './../../ForAll/deliveryprocesses/Testar o prot&oacute;tipo desenvolvido_9947C8A3.html'
Warning: TaskDescriptor:Criar teste unitário: missing resource file './../../ForAll/tasks/Criar teste unit&aacute;rio_FEAAFB3A.html'
Warning: Role:Testador: missing resource file './../../ForAll/tasks/Criar teste unit&aacute;rio_FEAAFB3A.html'
Warning: Role:Testador: missing resource file './../../ForAll/tasks/Testar o prot&oacute;tipo desenvolvido_175BD537.html'
Warning: Artifact:Documento de visão da fase de prototipação: missing resource file './../../ForAll/workproducts/Prot&oacute;tipo desenvolvido_1F5E1602.html'
Warning: Artifact:Documento de visão da fase de prototipação: missing resource file './../../ForAll/tasks/Criar teste unit&aacute;rio_FEAAFB3A.html'
Warning: Artifact:Documento de visão da fase de prototipação: missing resource file './../../ForAll/tasks/Testar o prot&oacute;tipo desenvolvido_175BD537.html'
Warning: Artifact:Protótipo desenvolvido: missing resource file './../../ForAll/workproducts/Documento de vis&atilde;o da fase de prototipa&ccedil;&atilde;o_F632E3FC.html'
Warning: Artifact:Protótipo desenvolvido: missing resource file './../../ForAll/tasks/Criar teste unit&aacute;rio_FEAAFB3A.html'
Warning: WorkProductDescriptor:Documento de visão da fase de prototipação: missing resource file './../../ForAll/workproducts/Documento de vis&atilde;o da fase de prototipa&ccedil;&atilde;o_F632E3FC.html'
Warning: WorkProductDescriptor:Protótipo desenvolvido: missing resource file './../../ForAll/workproducts/Prot&oacute;tipo desenvolvido_1F5E1602.html'
Warning: Outcome:Relatório dos testes: missing resource file './../../ForAll/tasks/Criar teste unit&aacute;rio_FEAAFB3A.html'
Warning: Outcome:Relatório dos testes: missing resource file './../../ForAll/tasks/Testar o prot&oacute;tipo desenvolvido_175BD537.html'
Warning: WorkProductDescriptor:Relatório dos testes: missing resource file './../../ForAll/workproducts/Relat&oacute;rio dos testes_BBFB3FE7.html'
Warning: TaskDescriptor:Testar o protótipo desenvolvido: missing resource file './../../ForAll/tasks/Testar o prot&oacute;tipo desenvolvido_175BD537.html'
Warning: CustomCategory:Guidance: Empty content category element not published.
